2025-06-13T07:12:49.972+02:00  INFO 8441 --- [backend] [restartedMain] com.starter.backend.BackendApplication   : Starting BackendApplication using Java 23.0.2 with PID 8441 (/media/pascal/AE86B21786B1E04F/Users/pc/Documents/projects/github-workshop/Fullstack-springboot-monorepo-starter/backend/target/classes started by pascal in /media/pascal/AE86B21786B1E04F/Users/pc/Documents/projects/github-workshop/Fullstack-springboot-monorepo-starter/backend)
2025-06-13T07:12:49.977+02:00  INFO 8441 --- [backend] [restartedMain] com.starter.backend.BackendApplication   : The following 1 profile is active: "dev"
2025-06-13T07:12:50.053+02:00  INFO 8441 --- [backend] [restartedMain] .e.DevToolsPropertyDefaultsPostProcessor : Devtools property defaults active! Set 'spring.devtools.add-properties' to 'false' to disable
2025-06-13T07:12:50.054+02:00  INFO 8441 --- [backend] [restartedMain] .e.DevToolsPropertyDefaultsPostProcessor : For additional web related logging consider setting the 'logging.level.web' property to 'DEBUG'
2025-06-13T07:12:52.622+02:00  INFO 8441 --- [backend] [restartedMain] .s.d.r.c.RepositoryConfigurationDelegate : Bootstrapping Spring Data JPA repositories in DEFAULT mode.
2025-06-13T07:12:52.740+02:00  INFO 8441 --- [backend] [restartedMain] .s.d.r.c.RepositoryConfigurationDelegate : Finished Spring Data repository scanning in 103 ms. Found 5 JPA repository interfaces.
2025-06-13T07:12:53.854+02:00  INFO 8441 --- [backend] [restartedMain] o.s.b.w.embedded.tomcat.TomcatWebServer  : Tomcat initialized with port 8081 (http)
2025-06-13T07:12:53.882+02:00  INFO 8441 --- [backend] [restartedMain] o.apache.catalina.core.StandardService   : Starting service [Tomcat]
2025-06-13T07:12:53.883+02:00  INFO 8441 --- [backend] [restartedMain] o.apache.catalina.core.StandardEngine    : Starting Servlet engine: [Apache Tomcat/10.1.36]
2025-06-13T07:12:53.941+02:00  INFO 8441 --- [backend] [restartedMain] o.a.c.c.C.[Tomcat].[localhost].[/]       : Initializing Spring embedded WebApplicationContext
2025-06-13T07:12:53.942+02:00  INFO 8441 --- [backend] [restartedMain] w.s.c.ServletWebServerApplicationContext : Root WebApplicationContext: initialization completed in 3887 ms
2025-06-13T07:12:54.518+02:00  INFO 8441 --- [backend] [restartedMain] o.hibernate.jpa.internal.util.LogHelper  : HHH000204: Processing PersistenceUnitInfo [name: default]
2025-06-13T07:12:54.594+02:00  INFO 8441 --- [backend] [restartedMain] org.hibernate.Version                    : HHH000412: Hibernate ORM core version 6.6.8.Final
2025-06-13T07:12:54.636+02:00  INFO 8441 --- [backend] [restartedMain] o.h.c.internal.RegionFactoryInitiator    : HHH000026: Second-level cache disabled
2025-06-13T07:12:55.123+02:00  INFO 8441 --- [backend] [restartedMain] o.s.o.j.p.SpringPersistenceUnitInfo      : No LoadTimeWeaver setup: ignoring JPA class transformer
2025-06-13T07:12:55.248+02:00  INFO 8441 --- [backend] [restartedMain] com.zaxxer.hikari.HikariDataSource       : HikariPool-1 - Starting...
2025-06-13T07:12:55.968+02:00  INFO 8441 --- [backend] [restartedMain] com.zaxxer.hikari.pool.HikariPool        : HikariPool-1 - Added connection org.postgresql.jdbc.PgConnection@335dfe6b
2025-06-13T07:12:55.975+02:00  INFO 8441 --- [backend] [restartedMain] com.zaxxer.hikari.HikariDataSource       : HikariPool-1 - Start completed.
2025-06-13T07:12:56.047+02:00  WARN 8441 --- [backend] [restartedMain] org.hibernate.orm.deprecation            : HHH90000025: PostgreSQLDialect does not need to be specified explicitly using 'hibernate.dialect' (remove the property setting and it will be selected by default)
2025-06-13T07:12:56.113+02:00  INFO 8441 --- [backend] [restartedMain] org.hibernate.orm.connections.pooling    : HHH10001005: Database info:
	Database JDBC URL [Connecting through datasource 'HikariDataSource (HikariPool-1)']
	Database driver: undefined/unknown
	Database version: 17.4
	Autocommit mode: undefined/unknown
	Isolation level: undefined/unknown
	Minimum pool size: undefined/unknown
	Maximum pool size: undefined/unknown
2025-06-13T07:12:58.435+02:00  INFO 8441 --- [backend] [restartedMain] o.h.e.t.j.p.i.JtaPlatformInitiator       : HHH000489: No JTA platform available (set 'hibernate.transaction.jta.platform' to enable JTA platform integration)
2025-06-13T07:12:58.934+02:00  INFO 8441 --- [backend] [restartedMain] j.LocalContainerEntityManagerFactoryBean : Initialized JPA EntityManagerFactory for persistence unit 'default'
2025-06-13T07:12:59.847+02:00  INFO 8441 --- [backend] [restartedMain] eAuthenticationProviderManagerConfigurer : Global AuthenticationManager configured with AuthenticationProvider bean with name authenticationProvider
2025-06-13T07:12:59.848+02:00  WARN 8441 --- [backend] [restartedMain] r$InitializeUserDetailsManagerConfigurer : Global AuthenticationManager configured with an AuthenticationProvider bean. UserDetailsService beans will not be used by Spring Security for automatically configuring username/password login. Consider removing the AuthenticationProvider bean. Alternatively, consider using the UserDetailsService in a manually instantiated DaoAuthenticationProvider. If the current configuration is intentional, to turn off this warning, increase the logging level of 'org.springframework.security.config.annotation.authentication.configuration.InitializeUserDetailsBeanManagerConfigurer' to ERROR
2025-06-13T07:13:00.615+02:00  INFO 8441 --- [backend] [restartedMain] o.s.d.j.r.query.QueryEnhancerFactory     : Hibernate is in classpath; If applicable, HQL parser will be used.
2025-06-13T07:13:01.079+02:00  WARN 8441 --- [backend] [restartedMain] JpaBaseConfiguration$JpaWebConfiguration : spring.jpa.open-in-view is enabled by default. Therefore, database queries may be performed during view rendering. Explicitly configure spring.jpa.open-in-view to disable this warning
2025-06-13T07:13:02.157+02:00  INFO 8441 --- [backend] [restartedMain] o.s.b.a.e.web.EndpointLinksResolver      : Exposing 1 endpoint beneath base path '/actuator'
2025-06-13T07:13:03.693+02:00  INFO 8441 --- [backend] [restartedMain] o.s.b.d.a.OptionalLiveReloadServer       : LiveReload server is running on port 35729
2025-06-13T07:13:03.801+02:00  INFO 8441 --- [backend] [restartedMain] o.s.m.s.b.SimpleBrokerMessageHandler     : Starting...
2025-06-13T07:13:03.802+02:00  INFO 8441 --- [backend] [restartedMain] o.s.m.s.b.SimpleBrokerMessageHandler     : BrokerAvailabilityEvent[available=true, SimpleBrokerMessageHandler [org.springframework.messaging.simp.broker.DefaultSubscriptionRegistry@2c9b643a]]
2025-06-13T07:13:03.804+02:00  INFO 8441 --- [backend] [restartedMain] o.s.m.s.b.SimpleBrokerMessageHandler     : Started.
2025-06-13T07:13:03.818+02:00  INFO 8441 --- [backend] [restartedMain] o.s.b.w.embedded.tomcat.TomcatWebServer  : Tomcat started on port 8081 (http) with context path '/'
2025-06-13T07:13:03.858+02:00  INFO 8441 --- [backend] [restartedMain] com.starter.backend.BackendApplication   : Started BackendApplication in 14.625 seconds (process running for 15.915)
2025-06-13T07:13:04.159+02:00  INFO 8441 --- [backend] [RMI TCP Connection(3)-127.0.0.1] o.a.c.c.C.[Tomcat].[localhost].[/]       : Initializing Spring DispatcherServlet 'dispatcherServlet'
2025-06-13T07:13:04.159+02:00  INFO 8441 --- [backend] [RMI TCP Connection(3)-127.0.0.1] o.s.web.servlet.DispatcherServlet        : Initializing Servlet 'dispatcherServlet'
2025-06-13T07:13:04.163+02:00  INFO 8441 --- [backend] [RMI TCP Connection(3)-127.0.0.1] o.s.web.servlet.DispatcherServlet        : Completed initialization in 3 ms
2025-06-13T07:13:28.368+02:00  INFO 8441 --- [backend] [http-nio-8081-exec-10] o.springdoc.api.AbstractOpenApiResource  : Init duration for springdoc-openapi is: 606 ms
2025-06-13T07:13:35.729+02:00  INFO 8441 --- [backend] [http-nio-8081-exec-1] c.starter.backend.aspects.LoggingAspect  : Entering method: List com.starter.backend.controllers.ProductController.getAllProducts() with arguements : []
2025-06-13T07:13:35.732+02:00  INFO 8441 --- [backend] [http-nio-8081-exec-1] c.starter.backend.aspects.LoggingAspect  : Entering method: List com.starter.backend.services.ProductService.getAllProducts() with arguements : []
2025-06-13T07:13:36.273+02:00  INFO 8441 --- [backend] [http-nio-8081-exec-1] c.starter.backend.aspects.LoggingAspect  : Exiting method: List com.starter.backend.services.ProductService.getAllProducts() with result : [com.starter.backend.models.Product@1230d6ff]
2025-06-13T07:13:36.276+02:00  INFO 8441 --- [backend] [http-nio-8081-exec-1] c.starter.backend.aspects.LoggingAspect  : Exiting method: List com.starter.backend.controllers.ProductController.getAllProducts() with result : [com.starter.backend.models.Product@1230d6ff]
2025-06-13T07:14:00.136+02:00  INFO 8441 --- [backend] [http-nio-8081-exec-2] c.starter.backend.aspects.LoggingAspect  : Entering method: ResponseEntity com.starter.backend.controllers.AuthController.signin(SIgninDto) with arguements : [com.starter.backend.dtos.SIgninDto@17f3d477]
2025-06-13T07:14:00.735+02:00  INFO 8441 --- [backend] [http-nio-8081-exec-2] c.starter.backend.aspects.LoggingAspect  : Exiting method: ResponseEntity com.starter.backend.controllers.AuthController.signin(SIgninDto) with result : <200 OK OK,com.starter.backend.payload.JwtAuthResponse@1ac5e6ca,[]>
2025-06-13T07:14:03.757+02:00  INFO 8441 --- [backend] [MessageBroker-1] o.s.w.s.c.WebSocketMessageBrokerStats    : WebSocketSession[0 current WS(0)-HttpStream(0)-HttpPoll(0), 0 total, 0 closed abnormally (0 connect failure, 0 send limit, 0 transport error)], stompSubProtocol[processed CONNECT(0)-CONNECTED(0)-DISCONNECT(0)], stompBrokerRelay[null], inboundChannel[pool size = 0, active threads = 0, queued tasks = 0, completed tasks = 0], outboundChannel[pool size = 0, active threads = 0, queued tasks = 0, completed tasks = 0], sockJsScheduler[pool size = 2, active threads = 1, queued tasks = 1, completed tasks = 0]
2025-06-13T07:14:04.775+02:00  INFO 8441 --- [backend] [http-nio-8081-exec-4] c.starter.backend.aspects.LoggingAspect  : Entering method: List com.starter.backend.controllers.ProductController.getAllProducts() with arguements : []
2025-06-13T07:14:04.776+02:00  INFO 8441 --- [backend] [http-nio-8081-exec-4] c.starter.backend.aspects.LoggingAspect  : Entering method: List com.starter.backend.services.ProductService.getAllProducts() with arguements : []
2025-06-13T07:14:04.788+02:00  INFO 8441 --- [backend] [http-nio-8081-exec-4] c.starter.backend.aspects.LoggingAspect  : Exiting method: List com.starter.backend.services.ProductService.getAllProducts() with result : [com.starter.backend.models.Product@65ff2e63]
2025-06-13T07:14:04.789+02:00  INFO 8441 --- [backend] [http-nio-8081-exec-4] c.starter.backend.aspects.LoggingAspect  : Exiting method: List com.starter.backend.controllers.ProductController.getAllProducts() with result : [com.starter.backend.models.Product@65ff2e63]
2025-06-13T07:14:04.808+02:00  WARN 8441 --- [backend] [http-nio-8081-exec-3] .w.s.m.s.DefaultHandlerExceptionResolver : Resolved [org.springframework.web.bind.MissingServletRequestParameterException: Required request parameter 'column' for method parameter type String is not present]
2025-06-13T07:14:04.844+02:00 ERROR 8441 --- [backend] [http-nio-8081-exec-3] c.s.backend.security.JwtAuthEntryPoint   : responding with unauthorized error.message - Full authentication is required to access this resource
2025-06-13T07:14:04.885+02:00  INFO 8441 --- [backend] [http-nio-8081-exec-5] c.starter.backend.aspects.LoggingAspect  : Entering method: List com.starter.backend.controllers.ProductController.getAllProducts() with arguements : []
2025-06-13T07:14:04.886+02:00  INFO 8441 --- [backend] [http-nio-8081-exec-5] c.starter.backend.aspects.LoggingAspect  : Entering method: List com.starter.backend.services.ProductService.getAllProducts() with arguements : []
2025-06-13T07:14:04.902+02:00  INFO 8441 --- [backend] [http-nio-8081-exec-5] c.starter.backend.aspects.LoggingAspect  : Exiting method: List com.starter.backend.services.ProductService.getAllProducts() with result : [com.starter.backend.models.Product@87e418d]
2025-06-13T07:14:04.903+02:00  INFO 8441 --- [backend] [http-nio-8081-exec-5] c.starter.backend.aspects.LoggingAspect  : Exiting method: List com.starter.backend.controllers.ProductController.getAllProducts() with result : [com.starter.backend.models.Product@87e418d]
2025-06-13T07:14:04.947+02:00  WARN 8441 --- [backend] [http-nio-8081-exec-6] .w.s.m.s.DefaultHandlerExceptionResolver : Resolved [org.springframework.web.bind.MissingServletRequestParameterException: Required request parameter 'column' for method parameter type String is not present]
2025-06-13T07:14:04.954+02:00 ERROR 8441 --- [backend] [http-nio-8081-exec-6] c.s.backend.security.JwtAuthEntryPoint   : responding with unauthorized error.message - Full authentication is required to access this resource
2025-06-13T07:14:08.961+02:00  WARN 8441 --- [backend] [http-nio-8081-exec-7] .w.s.m.s.DefaultHandlerExceptionResolver : Resolved [org.springframework.web.bind.MissingServletRequestParameterException: Required request parameter 'column' for method parameter type String is not present]
2025-06-13T07:14:08.970+02:00 ERROR 8441 --- [backend] [http-nio-8081-exec-7] c.s.backend.security.JwtAuthEntryPoint   : responding with unauthorized error.message - Full authentication is required to access this resource
2025-06-13T07:14:08.995+02:00  WARN 8441 --- [backend] [http-nio-8081-exec-8] .w.s.m.s.DefaultHandlerExceptionResolver : Resolved [org.springframework.web.bind.MissingServletRequestParameterException: Required request parameter 'column' for method parameter type String is not present]
2025-06-13T07:14:09.004+02:00 ERROR 8441 --- [backend] [http-nio-8081-exec-8] c.s.backend.security.JwtAuthEntryPoint   : responding with unauthorized error.message - Full authentication is required to access this resource
2025-06-13T07:19:32.739+02:00  WARN 8441 --- [backend] [http-nio-8081-exec-6] .w.s.m.s.DefaultHandlerExceptionResolver : Resolved [org.springframework.web.bind.MissingServletRequestParameterException: Required request parameter 'column' for method parameter type String is not present]
2025-06-13T07:19:32.782+02:00 ERROR 8441 --- [backend] [http-nio-8081-exec-6] c.s.backend.security.JwtAuthEntryPoint   : responding with unauthorized error.message - Full authentication is required to access this resource
2025-06-13T07:21:30.421+02:00  WARN 8441 --- [backend] [http-nio-8081-exec-8] .w.s.m.s.DefaultHandlerExceptionResolver : Resolved [org.springframework.web.bind.MissingServletRequestParameterException: Required request parameter 'column' for method parameter type String is not present]
2025-06-13T07:21:30.467+02:00 ERROR 8441 --- [backend] [http-nio-8081-exec-8] c.s.backend.security.JwtAuthEntryPoint   : responding with unauthorized error.message - Full authentication is required to access this resource
2025-06-13T07:22:17.249+02:00  INFO 8441 --- [backend] [http-nio-8081-exec-9] c.starter.backend.aspects.LoggingAspect  : Entering method: ResponseEntity com.starter.backend.controllers.AuthController.signin(SIgninDto) with arguements : [com.starter.backend.dtos.SIgninDto@70d03fde]
2025-06-13T07:22:17.902+02:00  INFO 8441 --- [backend] [http-nio-8081-exec-9] c.starter.backend.aspects.LoggingAspect  : Exiting method: ResponseEntity com.starter.backend.controllers.AuthController.signin(SIgninDto) with result : <200 OK OK,com.starter.backend.payload.JwtAuthResponse@13817ead,[]>
2025-06-13T07:22:21.092+02:00  INFO 8441 --- [backend] [http-nio-8081-exec-10] c.starter.backend.aspects.LoggingAspect  : Entering method: List com.starter.backend.controllers.ProductController.getAllProducts() with arguements : []
2025-06-13T07:22:21.098+02:00  INFO 8441 --- [backend] [http-nio-8081-exec-10] c.starter.backend.aspects.LoggingAspect  : Entering method: List com.starter.backend.services.ProductService.getAllProducts() with arguements : []
2025-06-13T07:22:21.105+02:00  WARN 8441 --- [backend] [http-nio-8081-exec-1] .w.s.m.s.DefaultHandlerExceptionResolver : Resolved [org.springframework.web.bind.MissingServletRequestParameterException: Required request parameter 'column' for method parameter type String is not present]
2025-06-13T07:22:21.121+02:00 ERROR 8441 --- [backend] [http-nio-8081-exec-1] c.s.backend.security.JwtAuthEntryPoint   : responding with unauthorized error.message - Full authentication is required to access this resource
2025-06-13T07:22:21.187+02:00  INFO 8441 --- [backend] [http-nio-8081-exec-10] c.starter.backend.aspects.LoggingAspect  : Exiting method: List com.starter.backend.services.ProductService.getAllProducts() with result : [com.starter.backend.models.Product@3c50578f]
2025-06-13T07:22:21.194+02:00  INFO 8441 --- [backend] [http-nio-8081-exec-10] c.starter.backend.aspects.LoggingAspect  : Exiting method: List com.starter.backend.controllers.ProductController.getAllProducts() with result : [com.starter.backend.models.Product@3c50578f]
2025-06-13T07:22:21.579+02:00  WARN 8441 --- [backend] [http-nio-8081-exec-2] .w.s.m.s.DefaultHandlerExceptionResolver : Resolved [org.springframework.web.bind.MissingServletRequestParameterException: Required request parameter 'column' for method parameter type String is not present]
2025-06-13T07:22:21.605+02:00 ERROR 8441 --- [backend] [http-nio-8081-exec-2] c.s.backend.security.JwtAuthEntryPoint   : responding with unauthorized error.message - Full authentication is required to access this resource
2025-06-13T07:22:21.645+02:00  INFO 8441 --- [backend] [http-nio-8081-exec-4] c.starter.backend.aspects.LoggingAspect  : Entering method: List com.starter.backend.controllers.ProductController.getAllProducts() with arguements : []
2025-06-13T07:22:21.647+02:00  INFO 8441 --- [backend] [http-nio-8081-exec-4] c.starter.backend.aspects.LoggingAspect  : Entering method: List com.starter.backend.services.ProductService.getAllProducts() with arguements : []
2025-06-13T07:22:21.673+02:00  INFO 8441 --- [backend] [http-nio-8081-exec-4] c.starter.backend.aspects.LoggingAspect  : Exiting method: List com.starter.backend.services.ProductService.getAllProducts() with result : [com.starter.backend.models.Product@2d2bd96c]
2025-06-13T07:22:21.675+02:00  INFO 8441 --- [backend] [http-nio-8081-exec-4] c.starter.backend.aspects.LoggingAspect  : Exiting method: List com.starter.backend.controllers.ProductController.getAllProducts() with result : [com.starter.backend.models.Product@2d2bd96c]
2025-06-13T07:22:41.420+02:00  WARN 8441 --- [backend] [http-nio-8081-exec-5] .w.s.m.s.DefaultHandlerExceptionResolver : Resolved [org.springframework.web.bind.MissingServletRequestParameterException: Required request parameter 'column' for method parameter type String is not present]
2025-06-13T07:22:41.428+02:00 ERROR 8441 --- [backend] [http-nio-8081-exec-5] c.s.backend.security.JwtAuthEntryPoint   : responding with unauthorized error.message - Full authentication is required to access this resource
2025-06-13T07:22:41.472+02:00  WARN 8441 --- [backend] [http-nio-8081-exec-6] .w.s.m.s.DefaultHandlerExceptionResolver : Resolved [org.springframework.web.bind.MissingServletRequestParameterException: Required request parameter 'column' for method parameter type String is not present]
2025-06-13T07:22:41.484+02:00 ERROR 8441 --- [backend] [http-nio-8081-exec-6] c.s.backend.security.JwtAuthEntryPoint   : responding with unauthorized error.message - Full authentication is required to access this resource
2025-06-13T07:23:55.581+02:00  WARN 8441 --- [backend] [http-nio-8081-exec-10] .w.s.m.s.DefaultHandlerExceptionResolver : Resolved [org.springframework.web.bind.MissingServletRequestParameterException: Required request parameter 'column' for method parameter type String is not present]
2025-06-13T07:23:55.593+02:00 ERROR 8441 --- [backend] [http-nio-8081-exec-10] c.s.backend.security.JwtAuthEntryPoint   : responding with unauthorized error.message - Full authentication is required to access this resource
2025-06-13T07:24:37.083+02:00  INFO 8441 --- [backend] [SpringApplicationShutdownHook] o.s.b.w.e.tomcat.GracefulShutdown        : Commencing graceful shutdown. Waiting for active requests to complete
2025-06-13T07:24:37.117+02:00  INFO 8441 --- [backend] [tomcat-shutdown] o.s.b.w.e.tomcat.GracefulShutdown        : Graceful shutdown complete
2025-06-13T07:24:37.142+02:00  INFO 8441 --- [backend] [SpringApplicationShutdownHook] o.s.m.s.b.SimpleBrokerMessageHandler     : Stopping...
2025-06-13T07:24:37.144+02:00  INFO 8441 --- [backend] [SpringApplicationShutdownHook] o.s.m.s.b.SimpleBrokerMessageHandler     : BrokerAvailabilityEvent[available=false, SimpleBrokerMessageHandler [org.springframework.messaging.simp.broker.DefaultSubscriptionRegistry@2c9b643a]]
2025-06-13T07:24:37.145+02:00  INFO 8441 --- [backend] [SpringApplicationShutdownHook] o.s.m.s.b.SimpleBrokerMessageHandler     : Stopped.
2025-06-13T07:24:37.248+02:00  INFO 8441 --- [backend] [SpringApplicationShutdownHook] j.LocalContainerEntityManagerFactoryBean : Closing JPA EntityManagerFactory for persistence unit 'default'
2025-06-13T07:24:37.377+02:00  INFO 8441 --- [backend] [SpringApplicationShutdownHook] com.zaxxer.hikari.HikariDataSource       : HikariPool-1 - Shutdown initiated...
2025-06-13T07:24:37.527+02:00  INFO 8441 --- [backend] [SpringApplicationShutdownHook] com.zaxxer.hikari.HikariDataSource       : HikariPool-1 - Shutdown completed.
2025-06-13T07:24:42.184+02:00  INFO 14838 --- [backend] [restartedMain] com.starter.backend.BackendApplication   : Starting BackendApplication using Java 23.0.2 with PID 14838 (/media/pascal/AE86B21786B1E04F/Users/pc/Documents/projects/github-workshop/Fullstack-springboot-monorepo-starter/backend/target/classes started by pascal in /media/pascal/AE86B21786B1E04F/Users/pc/Documents/projects/github-workshop/Fullstack-springboot-monorepo-starter/backend)
2025-06-13T07:24:42.188+02:00  INFO 14838 --- [backend] [restartedMain] com.starter.backend.BackendApplication   : The following 1 profile is active: "dev"
2025-06-13T07:24:42.281+02:00  INFO 14838 --- [backend] [restartedMain] .e.DevToolsPropertyDefaultsPostProcessor : Devtools property defaults active! Set 'spring.devtools.add-properties' to 'false' to disable
2025-06-13T07:24:42.281+02:00  INFO 14838 --- [backend] [restartedMain] .e.DevToolsPropertyDefaultsPostProcessor : For additional web related logging consider setting the 'logging.level.web' property to 'DEBUG'
2025-06-13T07:24:44.341+02:00  INFO 14838 --- [backend] [restartedMain] .s.d.r.c.RepositoryConfigurationDelegate : Bootstrapping Spring Data JPA repositories in DEFAULT mode.
2025-06-13T07:24:44.520+02:00  INFO 14838 --- [backend] [restartedMain] .s.d.r.c.RepositoryConfigurationDelegate : Finished Spring Data repository scanning in 166 ms. Found 5 JPA repository interfaces.
2025-06-13T07:24:46.953+02:00  INFO 14838 --- [backend] [restartedMain] o.s.b.w.embedded.tomcat.TomcatWebServer  : Tomcat initialized with port 8081 (http)
2025-06-13T07:24:46.991+02:00  INFO 14838 --- [backend] [restartedMain] o.apache.catalina.core.StandardService   : Starting service [Tomcat]
2025-06-13T07:24:46.993+02:00  INFO 14838 --- [backend] [restartedMain] o.apache.catalina.core.StandardEngine    : Starting Servlet engine: [Apache Tomcat/10.1.36]
2025-06-13T07:24:47.142+02:00  INFO 14838 --- [backend] [restartedMain] o.a.c.c.C.[Tomcat].[localhost].[/]       : Initializing Spring embedded WebApplicationContext
2025-06-13T07:24:47.150+02:00  INFO 14838 --- [backend] [restartedMain] w.s.c.ServletWebServerApplicationContext : Root WebApplicationContext: initialization completed in 4864 ms
2025-06-13T07:24:48.516+02:00  INFO 14838 --- [backend] [restartedMain] o.hibernate.jpa.internal.util.LogHelper  : HHH000204: Processing PersistenceUnitInfo [name: default]
2025-06-13T07:24:48.658+02:00  INFO 14838 --- [backend] [restartedMain] org.hibernate.Version                    : HHH000412: Hibernate ORM core version 6.6.8.Final
2025-06-13T07:24:48.720+02:00  INFO 14838 --- [backend] [restartedMain] o.h.c.internal.RegionFactoryInitiator    : HHH000026: Second-level cache disabled
2025-06-13T07:24:49.298+02:00  INFO 14838 --- [backend] [restartedMain] o.s.o.j.p.SpringPersistenceUnitInfo      : No LoadTimeWeaver setup: ignoring JPA class transformer
2025-06-13T07:24:49.374+02:00  INFO 14838 --- [backend] [restartedMain] com.zaxxer.hikari.HikariDataSource       : HikariPool-1 - Starting...
2025-06-13T07:24:50.119+02:00  INFO 14838 --- [backend] [restartedMain] com.zaxxer.hikari.pool.HikariPool        : HikariPool-1 - Added connection org.postgresql.jdbc.PgConnection@1047f065
2025-06-13T07:24:50.123+02:00  INFO 14838 --- [backend] [restartedMain] com.zaxxer.hikari.HikariDataSource       : HikariPool-1 - Start completed.
2025-06-13T07:24:50.187+02:00  WARN 14838 --- [backend] [restartedMain] org.hibernate.orm.deprecation            : HHH90000025: PostgreSQLDialect does not need to be specified explicitly using 'hibernate.dialect' (remove the property setting and it will be selected by default)
2025-06-13T07:24:50.240+02:00  INFO 14838 --- [backend] [restartedMain] org.hibernate.orm.connections.pooling    : HHH10001005: Database info:
	Database JDBC URL [Connecting through datasource 'HikariDataSource (HikariPool-1)']
	Database driver: undefined/unknown
	Database version: 17.4
	Autocommit mode: undefined/unknown
	Isolation level: undefined/unknown
	Minimum pool size: undefined/unknown
	Maximum pool size: undefined/unknown
2025-06-13T07:24:52.160+02:00  INFO 14838 --- [backend] [restartedMain] o.h.e.t.j.p.i.JtaPlatformInitiator       : HHH000489: No JTA platform available (set 'hibernate.transaction.jta.platform' to enable JTA platform integration)
2025-06-13T07:24:52.607+02:00  INFO 14838 --- [backend] [restartedMain] j.LocalContainerEntityManagerFactoryBean : Initialized JPA EntityManagerFactory for persistence unit 'default'
2025-06-13T07:24:53.733+02:00  INFO 14838 --- [backend] [restartedMain] eAuthenticationProviderManagerConfigurer : Global AuthenticationManager configured with AuthenticationProvider bean with name authenticationProvider
2025-06-13T07:24:53.734+02:00  WARN 14838 --- [backend] [restartedMain] r$InitializeUserDetailsManagerConfigurer : Global AuthenticationManager configured with an AuthenticationProvider bean. UserDetailsService beans will not be used by Spring Security for automatically configuring username/password login. Consider removing the AuthenticationProvider bean. Alternatively, consider using the UserDetailsService in a manually instantiated DaoAuthenticationProvider. If the current configuration is intentional, to turn off this warning, increase the logging level of 'org.springframework.security.config.annotation.authentication.configuration.InitializeUserDetailsBeanManagerConfigurer' to ERROR
2025-06-13T07:24:54.391+02:00  INFO 14838 --- [backend] [restartedMain] o.s.d.j.r.query.QueryEnhancerFactory     : Hibernate is in classpath; If applicable, HQL parser will be used.
2025-06-13T07:24:54.789+02:00  WARN 14838 --- [backend] [restartedMain] JpaBaseConfiguration$JpaWebConfiguration : spring.jpa.open-in-view is enabled by default. Therefore, database queries may be performed during view rendering. Explicitly configure spring.jpa.open-in-view to disable this warning
2025-06-13T07:24:55.872+02:00  INFO 14838 --- [backend] [restartedMain] o.s.b.a.e.web.EndpointLinksResolver      : Exposing 1 endpoint beneath base path '/actuator'
2025-06-13T07:24:57.494+02:00  INFO 14838 --- [backend] [restartedMain] o.s.b.d.a.OptionalLiveReloadServer       : LiveReload server is running on port 35729
2025-06-13T07:24:57.585+02:00  INFO 14838 --- [backend] [restartedMain] o.s.m.s.b.SimpleBrokerMessageHandler     : Starting...
2025-06-13T07:24:57.586+02:00  INFO 14838 --- [backend] [restartedMain] o.s.m.s.b.SimpleBrokerMessageHandler     : BrokerAvailabilityEvent[available=true, SimpleBrokerMessageHandler [org.springframework.messaging.simp.broker.DefaultSubscriptionRegistry@35be52f2]]
2025-06-13T07:24:57.587+02:00  INFO 14838 --- [backend] [restartedMain] o.s.m.s.b.SimpleBrokerMessageHandler     : Started.
2025-06-13T07:24:57.604+02:00  INFO 14838 --- [backend] [restartedMain] o.s.b.w.embedded.tomcat.TomcatWebServer  : Tomcat started on port 8081 (http) with context path '/'
2025-06-13T07:24:57.626+02:00  INFO 14838 --- [backend] [restartedMain] com.starter.backend.BackendApplication   : Started BackendApplication in 15.997 seconds (process running for 16.952)
2025-06-13T07:24:58.101+02:00  INFO 14838 --- [backend] [RMI TCP Connection(4)-127.0.0.1] o.a.c.c.C.[Tomcat].[localhost].[/]       : Initializing Spring DispatcherServlet 'dispatcherServlet'
2025-06-13T07:24:58.102+02:00  INFO 14838 --- [backend] [RMI TCP Connection(4)-127.0.0.1] o.s.web.servlet.DispatcherServlet        : Initializing Servlet 'dispatcherServlet'
2025-06-13T07:24:58.107+02:00  INFO 14838 --- [backend] [RMI TCP Connection(4)-127.0.0.1] o.s.web.servlet.DispatcherServlet        : Completed initialization in 4 ms
2025-06-13T07:25:05.012+02:00  WARN 14838 --- [backend] [http-nio-8081-exec-1] .w.s.m.s.DefaultHandlerExceptionResolver : Resolved [org.springframework.web.bind.MissingServletRequestParameterException: Required request parameter 'column' for method parameter type String is not present]
2025-06-13T07:25:05.060+02:00 ERROR 14838 --- [backend] [http-nio-8081-exec-1] c.s.backend.security.JwtAuthEntryPoint   : responding with unauthorized error.message - Full authentication is required to access this resource
2025-06-13T07:25:53.698+02:00  INFO 14838 --- [backend] [http-nio-8081-exec-2] c.starter.backend.aspects.LoggingAspect  : Entering method: Page com.starter.backend.controllers.UserController.getUsers(int,int,String) with arguements : [1, 10, firstName]
2025-06-13T07:25:53.701+02:00  INFO 14838 --- [backend] [http-nio-8081-exec-2] c.starter.backend.aspects.LoggingAspect  : Entering method: Page com.starter.backend.services.UserService.getAllUsers(int,int,String) with arguements : [1, 10, firstName]
2025-06-13T07:25:54.229+02:00  INFO 14838 --- [backend] [http-nio-8081-exec-2] c.starter.backend.aspects.LoggingAspect  : Exiting method: Page com.starter.backend.services.UserService.getAllUsers(int,int,String) with result : Page 2 of 1 containing UNKNOWN instances
2025-06-13T07:25:54.230+02:00  INFO 14838 --- [backend] [http-nio-8081-exec-2] c.starter.backend.aspects.LoggingAspect  : Exiting method: Page com.starter.backend.controllers.UserController.getUsers(int,int,String) with result : Page 2 of 1 containing UNKNOWN instances
2025-06-13T07:25:54.250+02:00  WARN 14838 --- [backend] [http-nio-8081-exec-2] ration$PageModule$WarningLoggingModifier : Serializing PageImpl instances as-is is not supported, meaning that there is no guarantee about the stability of the resulting JSON structure!
	For a stable JSON structure, please use Spring Data's PagedModel (globally via @EnableSpringDataWebSupport(pageSerializationMode = VIA_DTO))
	or Spring HATEOAS and Spring Data's PagedResourcesAssembler as documented in https://docs.spring.io/spring-data/commons/reference/repositories/core-extensions.html#core.web.pageables.

2025-06-13T07:25:57.544+02:00  INFO 14838 --- [backend] [MessageBroker-1] o.s.w.s.c.WebSocketMessageBrokerStats    : WebSocketSession[0 current WS(0)-HttpStream(0)-HttpPoll(0), 0 total, 0 closed abnormally (0 connect failure, 0 send limit, 0 transport error)], stompSubProtocol[processed CONNECT(0)-CONNECTED(0)-DISCONNECT(0)], stompBrokerRelay[null], inboundChannel[pool size = 0, active threads = 0, queued tasks = 0, completed tasks = 0], outboundChannel[pool size = 0, active threads = 0, queued tasks = 0, completed tasks = 0], sockJsScheduler[pool size = 2, active threads = 1, queued tasks = 1, completed tasks = 0]
2025-06-13T07:26:06.070+02:00  INFO 14838 --- [backend] [http-nio-8081-exec-3] c.starter.backend.aspects.LoggingAspect  : Entering method: Page com.starter.backend.controllers.UserController.getUsers(int,int,String) with arguements : [1, 10, firstName]
2025-06-13T07:26:06.073+02:00  INFO 14838 --- [backend] [http-nio-8081-exec-3] c.starter.backend.aspects.LoggingAspect  : Entering method: Page com.starter.backend.services.UserService.getAllUsers(int,int,String) with arguements : [1, 10, firstName]
2025-06-13T07:26:06.087+02:00  INFO 14838 --- [backend] [http-nio-8081-exec-3] c.starter.backend.aspects.LoggingAspect  : Exiting method: Page com.starter.backend.services.UserService.getAllUsers(int,int,String) with result : Page 2 of 1 containing UNKNOWN instances
2025-06-13T07:26:06.088+02:00  INFO 14838 --- [backend] [http-nio-8081-exec-3] c.starter.backend.aspects.LoggingAspect  : Exiting method: Page com.starter.backend.controllers.UserController.getUsers(int,int,String) with result : Page 2 of 1 containing UNKNOWN instances
2025-06-13T07:26:22.067+02:00  INFO 14838 --- [backend] [http-nio-8081-exec-4] c.starter.backend.aspects.LoggingAspect  : Entering method: Page com.starter.backend.controllers.UserController.getUsers(int,int,String) with arguements : [1, 10, firstName]
2025-06-13T07:26:22.072+02:00  INFO 14838 --- [backend] [http-nio-8081-exec-4] c.starter.backend.aspects.LoggingAspect  : Entering method: Page com.starter.backend.services.UserService.getAllUsers(int,int,String) with arguements : [1, 10, firstName]
2025-06-13T07:26:22.119+02:00  INFO 14838 --- [backend] [http-nio-8081-exec-4] c.starter.backend.aspects.LoggingAspect  : Exiting method: Page com.starter.backend.services.UserService.getAllUsers(int,int,String) with result : Page 2 of 1 containing UNKNOWN instances
2025-06-13T07:26:22.121+02:00  INFO 14838 --- [backend] [http-nio-8081-exec-4] c.starter.backend.aspects.LoggingAspect  : Exiting method: Page com.starter.backend.controllers.UserController.getUsers(int,int,String) with result : Page 2 of 1 containing UNKNOWN instances
2025-06-13T07:27:47.195+02:00  INFO 14838 --- [backend] [SpringApplicationShutdownHook] o.s.b.w.e.tomcat.GracefulShutdown        : Commencing graceful shutdown. Waiting for active requests to complete
2025-06-13T07:27:47.202+02:00  INFO 14838 --- [backend] [tomcat-shutdown] o.s.b.w.e.tomcat.GracefulShutdown        : Graceful shutdown complete
2025-06-13T07:27:47.207+02:00  INFO 14838 --- [backend] [SpringApplicationShutdownHook] o.s.m.s.b.SimpleBrokerMessageHandler     : Stopping...
2025-06-13T07:27:47.207+02:00  INFO 14838 --- [backend] [SpringApplicationShutdownHook] o.s.m.s.b.SimpleBrokerMessageHandler     : BrokerAvailabilityEvent[available=false, SimpleBrokerMessageHandler [org.springframework.messaging.simp.broker.DefaultSubscriptionRegistry@35be52f2]]
2025-06-13T07:27:47.208+02:00  INFO 14838 --- [backend] [SpringApplicationShutdownHook] o.s.m.s.b.SimpleBrokerMessageHandler     : Stopped.
2025-06-13T07:27:47.233+02:00  INFO 14838 --- [backend] [SpringApplicationShutdownHook] j.LocalContainerEntityManagerFactoryBean : Closing JPA EntityManagerFactory for persistence unit 'default'
2025-06-13T07:27:47.242+02:00  INFO 14838 --- [backend] [SpringApplicationShutdownHook] com.zaxxer.hikari.HikariDataSource       : HikariPool-1 - Shutdown initiated...
2025-06-13T07:27:47.287+02:00  INFO 14838 --- [backend] [SpringApplicationShutdownHook] com.zaxxer.hikari.HikariDataSource       : HikariPool-1 - Shutdown completed.
2025-06-13T07:27:52.383+02:00  INFO 16820 --- [backend] [restartedMain] com.starter.backend.BackendApplication   : Starting BackendApplication using Java 23.0.2 with PID 16820 (/media/pascal/AE86B21786B1E04F/Users/pc/Documents/projects/github-workshop/Fullstack-springboot-monorepo-starter/backend/target/classes started by pascal in /media/pascal/AE86B21786B1E04F/Users/pc/Documents/projects/github-workshop/Fullstack-springboot-monorepo-starter/backend)
2025-06-13T07:27:52.385+02:00  INFO 16820 --- [backend] [restartedMain] com.starter.backend.BackendApplication   : The following 1 profile is active: "dev"
2025-06-13T07:27:52.455+02:00  INFO 16820 --- [backend] [restartedMain] .e.DevToolsPropertyDefaultsPostProcessor : Devtools property defaults active! Set 'spring.devtools.add-properties' to 'false' to disable
2025-06-13T07:27:52.456+02:00  INFO 16820 --- [backend] [restartedMain] .e.DevToolsPropertyDefaultsPostProcessor : For additional web related logging consider setting the 'logging.level.web' property to 'DEBUG'
2025-06-13T07:27:53.981+02:00  INFO 16820 --- [backend] [restartedMain] .s.d.r.c.RepositoryConfigurationDelegate : Bootstrapping Spring Data JPA repositories in DEFAULT mode.
2025-06-13T07:27:54.053+02:00  INFO 16820 --- [backend] [restartedMain] .s.d.r.c.RepositoryConfigurationDelegate : Finished Spring Data repository scanning in 62 ms. Found 5 JPA repository interfaces.
2025-06-13T07:27:55.459+02:00  INFO 16820 --- [backend] [restartedMain] o.s.b.w.embedded.tomcat.TomcatWebServer  : Tomcat initialized with port 8081 (http)
2025-06-13T07:27:55.496+02:00  INFO 16820 --- [backend] [restartedMain] o.apache.catalina.core.StandardService   : Starting service [Tomcat]
2025-06-13T07:27:55.498+02:00  INFO 16820 --- [backend] [restartedMain] o.apache.catalina.core.StandardEngine    : Starting Servlet engine: [Apache Tomcat/10.1.36]
2025-06-13T07:27:55.565+02:00  INFO 16820 --- [backend] [restartedMain] o.a.c.c.C.[Tomcat].[localhost].[/]       : Initializing Spring embedded WebApplicationContext
2025-06-13T07:27:55.566+02:00  INFO 16820 --- [backend] [restartedMain] w.s.c.ServletWebServerApplicationContext : Root WebApplicationContext: initialization completed in 3109 ms
2025-06-13T07:27:56.074+02:00  INFO 16820 --- [backend] [restartedMain] o.hibernate.jpa.internal.util.LogHelper  : HHH000204: Processing PersistenceUnitInfo [name: default]
2025-06-13T07:27:56.138+02:00  INFO 16820 --- [backend] [restartedMain] org.hibernate.Version                    : HHH000412: Hibernate ORM core version 6.6.8.Final
2025-06-13T07:27:56.185+02:00  INFO 16820 --- [backend] [restartedMain] o.h.c.internal.RegionFactoryInitiator    : HHH000026: Second-level cache disabled
2025-06-13T07:27:56.469+02:00  INFO 16820 --- [backend] [restartedMain] o.s.o.j.p.SpringPersistenceUnitInfo      : No LoadTimeWeaver setup: ignoring JPA class transformer
2025-06-13T07:27:56.499+02:00  INFO 16820 --- [backend] [restartedMain] com.zaxxer.hikari.HikariDataSource       : HikariPool-1 - Starting...
2025-06-13T07:27:56.915+02:00  INFO 16820 --- [backend] [restartedMain] com.zaxxer.hikari.pool.HikariPool        : HikariPool-1 - Added connection org.postgresql.jdbc.PgConnection@515bcc3c
2025-06-13T07:27:56.916+02:00  INFO 16820 --- [backend] [restartedMain] com.zaxxer.hikari.HikariDataSource       : HikariPool-1 - Start completed.
2025-06-13T07:27:56.951+02:00  WARN 16820 --- [backend] [restartedMain] org.hibernate.orm.deprecation            : HHH90000025: PostgreSQLDialect does not need to be specified explicitly using 'hibernate.dialect' (remove the property setting and it will be selected by default)
2025-06-13T07:27:56.970+02:00  INFO 16820 --- [backend] [restartedMain] org.hibernate.orm.connections.pooling    : HHH10001005: Database info:
	Database JDBC URL [Connecting through datasource 'HikariDataSource (HikariPool-1)']
	Database driver: undefined/unknown
	Database version: 17.4
	Autocommit mode: undefined/unknown
	Isolation level: undefined/unknown
	Minimum pool size: undefined/unknown
	Maximum pool size: undefined/unknown
2025-06-13T07:27:58.170+02:00  INFO 16820 --- [backend] [restartedMain] o.h.e.t.j.p.i.JtaPlatformInitiator       : HHH000489: No JTA platform available (set 'hibernate.transaction.jta.platform' to enable JTA platform integration)
2025-06-13T07:27:58.463+02:00  INFO 16820 --- [backend] [restartedMain] j.LocalContainerEntityManagerFactoryBean : Initialized JPA EntityManagerFactory for persistence unit 'default'
2025-06-13T07:27:59.219+02:00  INFO 16820 --- [backend] [restartedMain] eAuthenticationProviderManagerConfigurer : Global AuthenticationManager configured with AuthenticationProvider bean with name authenticationProvider
2025-06-13T07:27:59.220+02:00  WARN 16820 --- [backend] [restartedMain] r$InitializeUserDetailsManagerConfigurer : Global AuthenticationManager configured with an AuthenticationProvider bean. UserDetailsService beans will not be used by Spring Security for automatically configuring username/password login. Consider removing the AuthenticationProvider bean. Alternatively, consider using the UserDetailsService in a manually instantiated DaoAuthenticationProvider. If the current configuration is intentional, to turn off this warning, increase the logging level of 'org.springframework.security.config.annotation.authentication.configuration.InitializeUserDetailsBeanManagerConfigurer' to ERROR
2025-06-13T07:27:59.702+02:00  INFO 16820 --- [backend] [restartedMain] o.s.d.j.r.query.QueryEnhancerFactory     : Hibernate is in classpath; If applicable, HQL parser will be used.
2025-06-13T07:28:00.148+02:00  WARN 16820 --- [backend] [restartedMain] JpaBaseConfiguration$JpaWebConfiguration : spring.jpa.open-in-view is enabled by default. Therefore, database queries may be performed during view rendering. Explicitly configure spring.jpa.open-in-view to disable this warning
2025-06-13T07:28:01.145+02:00  INFO 16820 --- [backend] [restartedMain] o.s.b.a.e.web.EndpointLinksResolver      : Exposing 1 endpoint beneath base path '/actuator'
2025-06-13T07:28:03.161+02:00  INFO 16820 --- [backend] [restartedMain] o.s.b.d.a.OptionalLiveReloadServer       : LiveReload server is running on port 35729
2025-06-13T07:28:03.355+02:00  INFO 16820 --- [backend] [restartedMain] o.s.m.s.b.SimpleBrokerMessageHandler     : Starting...
2025-06-13T07:28:03.357+02:00  INFO 16820 --- [backend] [restartedMain] o.s.m.s.b.SimpleBrokerMessageHandler     : BrokerAvailabilityEvent[available=true, SimpleBrokerMessageHandler [org.springframework.messaging.simp.broker.DefaultSubscriptionRegistry@455d1fb4]]
2025-06-13T07:28:03.360+02:00  INFO 16820 --- [backend] [restartedMain] o.s.m.s.b.SimpleBrokerMessageHandler     : Started.
2025-06-13T07:28:03.391+02:00  INFO 16820 --- [backend] [restartedMain] o.s.b.w.embedded.tomcat.TomcatWebServer  : Tomcat started on port 8081 (http) with context path '/'
2025-06-13T07:28:03.423+02:00  INFO 16820 --- [backend] [restartedMain] com.starter.backend.BackendApplication   : Started BackendApplication in 11.647 seconds (process running for 12.7)
2025-06-13T07:28:03.869+02:00  INFO 16820 --- [backend] [RMI TCP Connection(4)-127.0.0.1] o.a.c.c.C.[Tomcat].[localhost].[/]       : Initializing Spring DispatcherServlet 'dispatcherServlet'
2025-06-13T07:28:03.870+02:00  INFO 16820 --- [backend] [RMI TCP Connection(4)-127.0.0.1] o.s.web.servlet.DispatcherServlet        : Initializing Servlet 'dispatcherServlet'
2025-06-13T07:28:03.875+02:00  INFO 16820 --- [backend] [RMI TCP Connection(4)-127.0.0.1] o.s.web.servlet.DispatcherServlet        : Completed initialization in 4 ms
2025-06-13T07:28:10.174+02:00  INFO 16820 --- [backend] [http-nio-8081-exec-1] c.starter.backend.aspects.LoggingAspect  : Entering method: List com.starter.backend.controllers.UserController.getAllUsers() with arguements : []
2025-06-13T07:28:10.827+02:00  INFO 16820 --- [backend] [http-nio-8081-exec-1] c.starter.backend.aspects.LoggingAspect  : Exiting method: List com.starter.backend.controllers.UserController.getAllUsers() with result : [com.starter.backend.models.User@3a4fb849, com.starter.backend.models.User@4d59c780, com.starter.backend.models.User@7511e2a8, com.starter.backend.models.User@6780b541, com.starter.backend.models.User@4a2ae4a6]
2025-06-13T07:28:36.073+02:00  INFO 16820 --- [backend] [http-nio-8081-exec-3] c.starter.backend.aspects.LoggingAspect  : Entering method: ResponseEntity com.starter.backend.controllers.UserController.deleteUser(UUID) with arguements : [8100bdcc-313f-4447-a15b-d2124bc0a7fe]
2025-06-13T07:28:36.075+02:00  INFO 16820 --- [backend] [http-nio-8081-exec-3] c.starter.backend.aspects.LoggingAspect  : Entering method: User com.starter.backend.services.UserService.deleteUser(UUID) with arguements : [8100bdcc-313f-4447-a15b-d2124bc0a7fe]
2025-06-13T07:28:36.134+02:00  INFO 16820 --- [backend] [http-nio-8081-exec-3] c.starter.backend.aspects.LoggingAspect  : Exiting method: User com.starter.backend.services.UserService.deleteUser(UUID) with result : com.starter.backend.models.User@1b42e22e
2025-06-13T07:28:36.136+02:00  INFO 16820 --- [backend] [http-nio-8081-exec-3] c.starter.backend.aspects.LoggingAspect  : Exiting method: ResponseEntity com.starter.backend.controllers.UserController.deleteUser(UUID) with result : <200 OK OK,com.starter.backend.payload.ApiResponse@61eff268,[]>
2025-06-13T07:28:36.151+02:00  INFO 16820 --- [backend] [http-nio-8081-exec-4] c.starter.backend.aspects.LoggingAspect  : Entering method: List com.starter.backend.controllers.UserController.getAllUsers() with arguements : []
2025-06-13T07:28:36.163+02:00  INFO 16820 --- [backend] [http-nio-8081-exec-4] c.starter.backend.aspects.LoggingAspect  : Exiting method: List com.starter.backend.controllers.UserController.getAllUsers() with result : [com.starter.backend.models.User@325458bb, com.starter.backend.models.User@6b4f808d, com.starter.backend.models.User@2ee688ff, com.starter.backend.models.User@2760f755]
2025-06-13T07:28:45.784+02:00  INFO 16820 --- [backend] [http-nio-8081-exec-6] c.starter.backend.aspects.LoggingAspect  : Entering method: ResponseEntity com.starter.backend.controllers.UserController.deleteUser(UUID) with arguements : [77ce0839-e86a-4221-950f-c1f4ef9c6fc4]
2025-06-13T07:28:45.785+02:00  INFO 16820 --- [backend] [http-nio-8081-exec-6] c.starter.backend.aspects.LoggingAspect  : Entering method: User com.starter.backend.services.UserService.deleteUser(UUID) with arguements : [77ce0839-e86a-4221-950f-c1f4ef9c6fc4]
2025-06-13T07:28:45.796+02:00  INFO 16820 --- [backend] [http-nio-8081-exec-6] c.starter.backend.aspects.LoggingAspect  : Exiting method: User com.starter.backend.services.UserService.deleteUser(UUID) with result : com.starter.backend.models.User@7870bf0b
2025-06-13T07:28:45.797+02:00  INFO 16820 --- [backend] [http-nio-8081-exec-6] c.starter.backend.aspects.LoggingAspect  : Exiting method: ResponseEntity com.starter.backend.controllers.UserController.deleteUser(UUID) with result : <200 OK OK,com.starter.backend.payload.ApiResponse@25bd62c6,[]>
2025-06-13T07:28:45.808+02:00  INFO 16820 --- [backend] [http-nio-8081-exec-7] c.starter.backend.aspects.LoggingAspect  : Entering method: List com.starter.backend.controllers.UserController.getAllUsers() with arguements : []
2025-06-13T07:28:45.818+02:00  INFO 16820 --- [backend] [http-nio-8081-exec-7] c.starter.backend.aspects.LoggingAspect  : Exiting method: List com.starter.backend.controllers.UserController.getAllUsers() with result : [com.starter.backend.models.User@623aee24, com.starter.backend.models.User@23e0123c, com.starter.backend.models.User@41030c5a]
2025-06-13T07:28:47.309+02:00  INFO 16820 --- [backend] [http-nio-8081-exec-9] c.starter.backend.aspects.LoggingAspect  : Entering method: ResponseEntity com.starter.backend.controllers.UserController.deleteUser(UUID) with arguements : [1dbaeeb0-c8cb-4d50-9390-b176f51894e1]
2025-06-13T07:28:47.310+02:00  INFO 16820 --- [backend] [http-nio-8081-exec-9] c.starter.backend.aspects.LoggingAspect  : Entering method: User com.starter.backend.services.UserService.deleteUser(UUID) with arguements : [1dbaeeb0-c8cb-4d50-9390-b176f51894e1]
2025-06-13T07:28:47.321+02:00  INFO 16820 --- [backend] [http-nio-8081-exec-9] c.starter.backend.aspects.LoggingAspect  : Exiting method: User com.starter.backend.services.UserService.deleteUser(UUID) with result : com.starter.backend.models.User@4f0a0528
2025-06-13T07:28:47.322+02:00  INFO 16820 --- [backend] [http-nio-8081-exec-9] c.starter.backend.aspects.LoggingAspect  : Exiting method: ResponseEntity com.starter.backend.controllers.UserController.deleteUser(UUID) with result : <200 OK OK,com.starter.backend.payload.ApiResponse@31b48a85,[]>
2025-06-13T07:28:47.336+02:00  INFO 16820 --- [backend] [http-nio-8081-exec-10] c.starter.backend.aspects.LoggingAspect  : Entering method: List com.starter.backend.controllers.UserController.getAllUsers() with arguements : []
2025-06-13T07:28:47.345+02:00  INFO 16820 --- [backend] [http-nio-8081-exec-10] c.starter.backend.aspects.LoggingAspect  : Exiting method: List com.starter.backend.controllers.UserController.getAllUsers() with result : [com.starter.backend.models.User@55de3d26, com.starter.backend.models.User@271e5fce]
2025-06-13T07:29:03.258+02:00  INFO 16820 --- [backend] [MessageBroker-1] o.s.w.s.c.WebSocketMessageBrokerStats    : WebSocketSession[0 current WS(0)-HttpStream(0)-HttpPoll(0), 0 total, 0 closed abnormally (0 connect failure, 0 send limit, 0 transport error)], stompSubProtocol[processed CONNECT(0)-CONNECTED(0)-DISCONNECT(0)], stompBrokerRelay[null], inboundChannel[pool size = 0, active threads = 0, queued tasks = 0, completed tasks = 0], outboundChannel[pool size = 0, active threads = 0, queued tasks = 0, completed tasks = 0], sockJsScheduler[pool size = 2, active threads = 1, queued tasks = 1, completed tasks = 0]
